<?xml version="1.0" encoding="UTF-8"?>
<!-- Generated by org.testng.reporters.JUnitReportReporter -->
<testsuite hostname="Gfol" failures="0" tests="1" name="RegistrationTestCases" time="6.550" errors="0" timestamp="2025-07-24T19:13:42 CDT" skipped="0">
  <testcase classname="RegistrationTestCases" name="verifyRegistrationSignUp" time="6.550"/>
</testsuite> <!-- RegistrationTestCases -->
